#
# A fatal error has been detected by the Java Runtime Environment:
#
#  SIGSEGV (0xb) at pc=0x00000000018644d8, pid=724710, tid=724710
#
# JRE version: OpenJDK Runtime Environment (17.0.12+7) (build 17.0.12+7-Ubuntu-1ubuntu224.04)
# Java VM: OpenJDK 64-Bit Server VM (17.0.12+7-Ubuntu-1ubuntu224.04, mixed mode, sharing, tiered, compressed oops, compressed class ptrs, g1 gc, linux-amd64)
# Problematic frame:
# C  0x00000000018644d8
#
# Core dump will be written. Default location: Core dumps may be processed with "/usr/share/apport/apport -p%p -s%s -c%c -d%d -P%P -u%u -g%g -- %E" (or dumping to /home/hljiang/kivy_proj/core.724710)
#
# If you would like to submit a bug report, please visit:
#   https://bugs.launchpad.net/ubuntu/+source/openjdk-17
# The crash happened outside the Java Virtual Machine in native code.
# See problematic frame for where to report the bug.
#

---------------  S U M M A R Y ------------

Command Line: 

Host: 13th Gen Intel(R) Core(TM) i9-13900HX, 32 cores, 31G, Kylin V10 SP1
Time: Sun Dec  1 21:20:51 2024 CST elapsed time: 235.522477 seconds (0d 0h 3m 55s)

---------------  T H R E A D  ---------------

Current thread (0x0000000001f890a0):  JavaThread "main" [_thread_in_native, id=724710, stack(0x00007ffd7e31a000,0x00007ffd7e41a000)]

Stack: [0x00007ffd7e31a000,0x00007ffd7e41a000],  sp=0x00007ffd7e414d08,  free space=1003k
Native frames: (J=compiled Java code, j=interpreted, Vv=VM code, C=native code)
C  0x00000000018644d8


siginfo: si_signo: 11 (SIGSEGV), si_code: 2 (SEGV_ACCERR), si_addr: 0x00000000018644d8

Registers:
RAX=0xffffffffffffff70, RBX=0x000079b4ab3f8740, RCX=0x000000000000011b, RDX=0x000079b4f2f6fe18
RSP=0x00007ffd7e414d08, RBP=0x000079b4ab3f5940, RSI=0x0000000000001d4c